________________________________________________________________________________
Frame3DD version: 20140514               http://frame3dd.sf.net/
GPL Copyright (C) 1992-2014, Henri P. Gavin 
Frame3DD is distributed in the hope that it will be useful but with no warranty.
For details see the GNU Public Licence: http://www.fsf.org/copyleft/gpl.html
________________________________________________________________________________

L-shaped frame 
Tue May 13 21:59:20 2014
________________________________________________________________________________
In 2D problems the Y-axis is vertical.  In 3D problems the Z-axis is vertical.
________________________________________________________________________________
    3 NODES              1 FIXED NODES        2 FRAME ELEMENTS   1 LOAD CASES   
________________________________________________________________________________
N O D E   D A T A                                           R E S T R A I N T S
  Node       X              Y              Z         radius  Fx Fy Fz Mx My Mz
    1       0.000000       0.000000       0.000000    0.000   1  1  1  1  1  1
    2       0.000000       0.000000    1000.000000    0.000   0  0  0  0  0  0
    3       0.000000    1000.000000    1000.000000    0.000   0  0  0  0  0  0
F R A M E   E L E M E N T   D A T A					(local)
  Elmnt  J1    J2     Ax   Asy   Asz    Jxx     Iyy     Izz       E       G roll  density
    1     1     2   36.0  20.0  20.0 1000.0   492.0   492.0 200000.0 79300.0   0 7.95e-09
    2     2     3   36.0  20.0  20.0 1000.0   492.0   492.0 200000.0 79300.0   0 7.95e-09
  Include shear deformations.
  Include geometric stiffness.

L O A D   C A S E   1   O F   1  ... 

   Gravity X =  0.0    Gravity Y =  0.0    Gravity Z =  0.0 
   1 concentrated loads
   0 uniformly distributed loads
   0 trapezoidally distributed loads
   0 concentrated point loads
   0 temperature loads
   0 prescribed displacements
 N O D A L   L O A D S  +  E Q U I V A L E N T   N O D A L   L O A D S  (global)
  Node        Fx          Fy          Fz          Mxx         Myy         Mzz
     2       0.000       0.000       0.000       0.000       0.000     100.000

E L A S T I C   S T I F F N E S S   A N A L Y S I S   via  L D L'  decomposition


L O A D   C A S E   1   O F   1  ... 

N O D E   D I S P L A C E M E N T S  					(global)
  Node    X-dsp       Y-dsp       Z-dsp       X-rot       Y-rot       Z-rot
     2    0.0         0.0         0.0         0.0         0.0         0.001261
     3   -1.261034    0.0         0.0         0.0         0.0         0.001261
F R A M E   E L E M E N T   E N D   F O R C E S				(local)
  Elmnt  Node       Nx          Vy         Vz        Txx        Myy        Mzz
     1      1      0.0         0.0        0.0     -100.000      0.0        0.0  
     1      2      0.0         0.0        0.0      100.000      0.0        0.0  
     2      2      0.0         0.0        0.0        0.0        0.0        0.0  
     2      3      0.0         0.0        0.0        0.0        0.0        0.0  
R E A C T I O N S							(global)
  Node        Fx          Fy          Fz         Mxx         Myy         Mzz
     1       0.0         0.0         0.0         0.0         0.0      -100.000
R M S    R E L A T I V E    E Q U I L I B R I U M    E R R O R: 2.877e-33

P E A K   F R A M E   E L E M E N T   I N T E R N A L   F O R C E S	(local)
  Elmnt             Nx          Vy         Vz        Txx        Myy        Mzz
     1   max       0.000      -0.000     -0.000    100.000      0.000     -0.000
     1   min       0.000      -0.000     -0.000    100.000     -0.000     -0.000
     2   max       0.000       0.000      0.000      0.000      0.000      0.000
     2   min       0.000       0.000      0.000      0.000      0.000     -0.000

