________________________________________________________________________________
Frame3DD version: 20140121               http://frame3dd.sf.net/
GPL Copyright (C) 1992-2014, Henri P. Gavin 
Frame3DD is distributed in the hope that it will be useful but with no warranty.
For details see the GNU Public Licence: http://www.fsf.org/copyleft/gpl.html
________________________________________________________________________________

Example A: linear static analysis of a 2D truss with support settlement (kips in)  
Tue Jan 21 15:57:40 2014
________________________________________________________________________________
In 2D problems the Y-axis is vertical.  In 3D problems the Z-axis is vertical.
________________________________________________________________________________
   12 NODES             12 FIXED NODES       21 FRAME ELEMENTS   2 LOAD CASES   
________________________________________________________________________________
N O D E   D A T A                                           R E S T R A I N T S
  Node       X              Y              Z         radius  Fx Fy Fz Mx My Mz
    1       0.000000       0.000000       0.000000    0.000   1  1  1  1  1  0
    2     120.000000       0.000000       0.000000    0.000   0  0  1  1  1  0
    3     240.000000       0.000000       0.000000    0.000   0  0  1  1  1  0
    4     360.000000       0.000000       0.000000    0.000   0  0  1  1  1  0
    5     480.000000       0.000000       0.000000    0.000   0  0  1  1  1  0
    6     600.000000       0.000000       0.000000    0.000   0  0  1  1  1  0
    7     720.000000       0.000000       0.000000    0.000   0  1  1  1  1  0
    8     120.000000     120.000000       0.000000    0.000   1  0  1  1  1  0
    9     240.000000     120.000000       0.000000    0.000   0  0  1  1  1  0
   10     360.000000     120.000000       0.000000    0.000   0  0  1  1  1  0
   11     480.000000     120.000000       0.000000    0.000   0  0  1  1  1  0
   12     600.000000     120.000000       0.000000    0.000   0  0  1  1  1  0
F R A M E   E L E M E N T   D A T A					(local)
  Elmnt  J1    J2     Ax   Asy   Asz    Jxx     Iyy     Izz       E       G roll  density
    1     1     2   10.0   1.0   1.0    1.0     1.0     0.0  29000.0 11500.0   0 7.33e-07
    2     2     3   10.0   1.0   1.0    1.0     1.0     0.0  29000.0 11500.0   0 7.33e-07
    3     3     4   10.0   1.0   1.0    1.0     1.0     0.0  29000.0 11500.0   0 7.33e-07
    4     4     5   10.0   1.0   1.0    1.0     1.0     0.0  29000.0 11500.0   0 7.33e-07
    5     5     6   10.0   1.0   1.0    1.0     1.0     0.0  29000.0 11500.0   0 7.33e-07
    6     6     7   10.0   1.0   1.0    1.0     1.0     0.0  29000.0 11500.0   0 7.33e-07
    7     1     8   10.0   1.0   1.0    1.0     1.0     0.0  29000.0 11500.0   0 7.33e-07
    8     2     8   10.0   1.0   1.0    1.0     1.0     0.0  29000.0 11500.0   0 7.33e-07
    9     2     9   10.0   1.0   1.0    1.0     1.0     0.0  29000.0 11500.0   0 7.33e-07
   10     3     9   10.0   1.0   1.0    1.0     1.0     0.0  29000.0 11500.0   0 7.33e-07
   11     4     9   10.0   1.0   1.0    1.0     1.0     0.0  29000.0 11500.0   0 7.33e-07
   12     4    10   10.0   1.0   1.0    1.0     1.0     0.0  29000.0 11500.0   0 7.33e-07
   13     4    11   10.0   1.0   1.0    1.0     1.0     0.0  29000.0 11500.0   0 7.33e-07
   14     5    11   10.0   1.0   1.0    1.0     1.0     0.0  29000.0 11500.0   0 7.33e-07
   15     6    11   10.0   1.0   1.0    1.0     1.0     0.0  29000.0 11500.0   0 7.33e-07
   16     6    12   10.0   1.0   1.0    1.0     1.0     0.0  29000.0 11500.0   0 7.33e-07
   17     7    12   10.0   1.0   1.0    1.0     1.0     0.0  29000.0 11500.0   0 7.33e-07
   18     8     9   10.0   1.0   1.0    1.0     1.0     0.0  29000.0 11500.0   0 7.33e-07
   19     9    10   10.0   1.0   1.0    1.0     1.0     0.0  29000.0 11500.0   0 7.33e-07
   20    10    11   10.0   1.0   1.0    1.0     1.0     0.0  29000.0 11500.0   0 7.33e-07
   21    11    12   10.0   1.0   1.0    1.0     1.0     0.0  29000.0 11500.0   0 7.33e-07
  Neglect shear deformations.
  Neglect geometric stiffness.

L O A D   C A S E   1   O F   2  ... 

   Gravity X =  0.0    Gravity Y =  -386.400    Gravity Z =  0.0 
   5 concentrated loads
   0 uniformly distributed loads
   0 trapezoidally distributed loads
   0 concentrated point loads
   0 temperature loads
   1 prescribed displacements
 N O D A L   L O A D S  +  E Q U I V A L E N T   N O D A L   L O A D S  (global)
  Node        Fx          Fy          Fz          Mxx         Myy         Mzz
     1       0.000      -0.410       0.000       0.000       0.000      -8.205
     2       0.000     -10.750       0.000       0.000       0.000      -4.807
     3       0.000     -20.510       0.000       0.000       0.000       0.000
     4       0.000     -20.990       0.000       0.000       0.000       0.000
     5       0.000     -10.510       0.000       0.000       0.000       0.000
     6       0.000     -20.750       0.000       0.000       0.000       4.807
     7       0.000      -0.410       0.000       0.000       0.000       8.205
     8       0.000      -0.580       0.000       0.000       0.000       1.408
     9       0.000      -0.990       0.000       0.000       0.000       0.000
    10       0.000      -0.510       0.000       0.000       0.000       0.000
    11       0.000      -0.990       0.000       0.000       0.000       0.000
    12       0.000      -0.580       0.000       0.000       0.000      -1.408

 P R E S C R I B E D   D I S P L A C E M E N T S                        (global)
  Node        Dx          Dy          Dz          Dxx         Dyy         Dzz
     8       0.100       0.000       0.000       0.000       0.000       0.000

L O A D   C A S E   2   O F   2  ... 

   Gravity X =  0.0    Gravity Y =  -386.400    Gravity Z =  0.0 
   3 concentrated loads
   0 uniformly distributed loads
   0 trapezoidally distributed loads
   0 concentrated point loads
   3 temperature loads
   2 prescribed displacements
 N O D A L   L O A D S  +  E Q U I V A L E N T   N O D A L   L O A D S  (global)
  Node        Fx          Fy          Fz          Mxx         Myy         Mzz
     1       0.000      -0.410       0.000       0.000       0.000      -8.205
     2       0.000      -0.750       0.000       0.000       0.000      -4.807
     3      20.000      -0.510       0.000       0.000       0.000       0.000
     4      10.000      -0.990       0.000       0.000       0.000       0.000
     5      20.000      -0.510       0.000       0.000       0.000       0.000
     6       0.000      -0.750       0.000       0.000       0.000       4.807
     7       0.000      -0.410       0.000       0.000       0.000       8.205
     8       0.000      -0.580       0.000       0.000       0.000       1.408
     9       0.000      -0.990       0.000       0.000       0.000       0.000
    10       0.000      -0.510       0.000       0.000       0.000       0.000
    11       0.000      -0.990       0.000       0.000       0.000       0.000
    12       0.000      -0.580       0.000       0.000       0.000      -1.408
 T E M P E R A T U R E   C H A N G E S					(local)
  Elmnt     coef      hy        hz        Ty+       Ty-       Tz+       Tz-
    10  6.00e-12     5.000     5.000    10.000    10.000    10.000    10.000
    13  6.00e-12     5.000     5.000    15.000    15.000    15.000    15.000
    15  6.00e-12     5.000     5.000    17.000    17.000    17.000    17.000

 P R E S C R I B E D   D I S P L A C E M E N T S                        (global)
  Node        Dx          Dy          Dz          Dxx         Dyy         Dzz
     1       0.000      -1.000       0.000       0.000       0.000       0.000
     8       0.100       0.000       0.000       0.000       0.000       0.000

E L A S T I C   S T I F F N E S S   A N A L Y S I S   via  L D L'  decomposition


L O A D   C A S E   1   O F   2  ... 

N O D E   D I S P L A C E M E N T S  					(global)
  Node    X-dsp       Y-dsp       Z-dsp       X-rot       Y-rot       Z-rot
     1    0.0         0.0         0.0         0.0         0.0        -0.501728
     2    0.010776   -0.171344    0.0         0.0         0.0        -0.087383
     3    0.035528   -0.297816    0.0         0.0         0.0         0.015516
     4    0.060279   -0.332643    0.0         0.0         0.0         0.000017
     5    0.086295   -0.295487    0.0         0.0         0.0        -0.015556
     6    0.112311   -0.184135    0.0         0.0         0.0         0.087387
     7    0.129754    0.0         0.0         0.0         0.0         0.501896
     8    0.100000   -0.152896    0.0         0.0         0.0         0.136060
     9    0.089226   -0.289325    0.0         0.0         0.0        -0.011102
    10    0.059394   -0.332855    0.0         0.0         0.0        -0.000000
    11    0.029563   -0.291133    0.0         0.0         0.0         0.011062
    12    0.012122   -0.166951    0.0         0.0         0.0        -0.136029
F R A M E   E L E M E N T   E N D   F O R C E S				(local)
  Elmnt  Node       Nx          Vy         Vz        Txx        Myy        Mzz
     1      1    -26.042t      0.099      0.0        0.0        0.0       -1.853
     1      2     26.042t      0.241      0.0        0.0        0.0       -6.648
     2      2    -59.816t      0.162      0.0        0.0        0.0        2.644
     2      3     59.816t      0.178      0.0        0.0        0.0       -3.656
     3      3    -59.815t      0.172      0.0        0.0        0.0        3.553
     3      4     59.815t      0.168      0.0        0.0        0.0       -3.319
     4      4    -62.872t      0.168      0.0        0.0        0.0        3.319
     4      5     62.872t      0.172      0.0        0.0        0.0       -3.554
     5      5    -62.872t      0.178      0.0        0.0        0.0        3.657
     5      6     62.872t      0.161      0.0        0.0        0.0       -2.643
     6      6    -42.155t      0.241      0.0        0.0        0.0        6.647
     6      7     42.155t      0.099      0.0        0.0        0.0        1.853
     7      1     64.086c      0.148      0.0        0.0        0.0        1.853
     7      8    -63.746c      0.192      0.0        0.0        0.0       -5.581
     8      2    -44.414t      0.006      0.0        0.0        0.0       -0.176
     8      8     44.754t     -0.006      0.0        0.0        0.0        0.904
     9      2     47.936c      0.164      0.0        0.0        0.0        4.180
     9      9    -47.596c      0.176      0.0        0.0        0.0       -5.173
    10      3    -20.350t      0.001      0.0        0.0        0.0        0.103
    10      9     20.690t     -0.001      0.0        0.0        0.0       -0.026
    11      4    -17.194t     -0.171      0.0        0.0        0.0       -4.841
    11      9     17.534t     -0.169      0.0        0.0        0.0        4.734
    12      4      0.682c      0.0        0.0        0.0        0.0        0.0  
    12     10     -0.342c      0.0        0.0        0.0        0.0        0.0  
    13      4    -12.872t      0.171      0.0        0.0        0.0        4.841
    13     11     13.212t      0.169      0.0        0.0        0.0       -4.734
    14      5    -10.350t     -0.001      0.0        0.0        0.0       -0.104
    14     11     10.690t      0.001      0.0        0.0        0.0        0.025
    15      6     29.472c     -0.164      0.0        0.0        0.0       -4.180
    15     11    -29.132c     -0.176      0.0        0.0        0.0        5.173
    16      6    -41.358t     -0.006      0.0        0.0        0.0        0.175
    16     12     41.698t      0.006      0.0        0.0        0.0       -0.905
    17      7     59.764c     -0.148      0.0        0.0        0.0       -1.853
    17     12    -59.424c     -0.192      0.0        0.0        0.0        5.580
    18      8     26.036c      0.185      0.0        0.0        0.0        4.677
    18      9    -26.036c      0.155      0.0        0.0        0.0       -2.832
    19      9     72.094c      0.169      0.0        0.0        0.0        3.297
    19     10    -72.094c      0.171      0.0        0.0        0.0       -3.447
    20     10     72.094c      0.171      0.0        0.0        0.0        3.447
    20     11    -72.094c      0.169      0.0        0.0        0.0       -3.297
    21     11     42.149c      0.155      0.0        0.0        0.0        2.833
    21     12    -42.149c      0.185      0.0        0.0        0.0       -4.675
R E A C T I O N S							(global)
  Node        Fx          Fy          Fz         Mxx         Myy         Mzz
     1      19.168      45.519       0.0         0.0         0.0         0.0  
     2       0.0         0.0         0.0         0.0         0.0         0.0  
     3       0.0         0.0         0.0         0.0         0.0         0.0  
     4       0.0         0.0         0.0         0.0         0.0         0.0  
     5       0.0         0.0         0.0         0.0         0.0         0.0  
     6       0.0         0.0         0.0         0.0         0.0         0.0  
     7       0.0        42.463       0.0         0.0         0.0         0.0  
     8     -19.168       0.0         0.0         0.0         0.0         0.0  
     9       0.0         0.0         0.0         0.0         0.0         0.0  
    10       0.0         0.0         0.0         0.0         0.0         0.0  
    11       0.0         0.0         0.0         0.0         0.0         0.0  
    12       0.0         0.0         0.0         0.0         0.0         0.0  
R M S    R E L A T I V E    E Q U I L I B R I U M    E R R O R: 8.581e-18

P E A K   F R A M E   E L E M E N T   I N T E R N A L   F O R C E S	(local)
  Elmnt             Nx          Vy         Vz        Txx        Myy        Mzz
     1   max      26.042       0.241      0.000      0.000      0.000      3.551
     1   min      26.042      -0.099      0.000      0.000      0.000     -6.648
     2   max      59.816       0.178      0.000      0.000      0.000      1.948
     2   min      59.816      -0.162      0.000      0.000      0.000     -3.656
     3   max      59.815       0.168      0.000      0.000      0.000      1.662
     3   min      59.815      -0.172      0.000      0.000      0.000     -3.553
     4   max      62.872       0.172      0.000      0.000      0.000      1.662
     4   min      62.872      -0.168      0.000      0.000      0.000     -3.554
     5   max      62.872       0.161      0.000      0.000      0.000      1.948
     5   min      62.872      -0.178      0.000      0.000      0.000     -3.657
     6   max      42.155       0.099      0.000      0.000      0.000      3.552
     6   min      42.155      -0.241      0.000      0.000      0.000     -6.647
     7   max     -63.746       0.192      0.000      0.000      0.000      3.599
     7   min     -64.086      -0.148      0.000      0.000      0.000     -5.581
     8   max      44.754      -0.006      0.000      0.000      0.000      0.904
     8   min      44.414      -0.006      0.000      0.000      0.000      0.176
     9   max     -47.596       0.176      0.000      0.000      0.000      2.538
     9   min     -47.936      -0.164      0.000      0.000      0.000     -5.173
    10   max      20.690      -0.001      0.000      0.000      0.000     -0.026
    10   min      20.350      -0.001      0.000      0.000      0.000     -0.103
    11   max      17.534       0.171     -0.000      0.000      0.000      4.841
    11   min      17.194      -0.169     -0.000      0.000      0.000     -2.399
    12   max      -0.342      -0.000      0.000      0.000      0.000     -0.000
    12   min      -0.682      -0.000      0.000      0.000      0.000     -0.000
    13   max      13.212       0.169      0.000      0.000      0.000      2.399
    13   min      12.872      -0.171      0.000      0.000      0.000     -4.841
    14   max      10.690       0.001      0.000      0.000      0.000      0.104
    14   min      10.350       0.001      0.000      0.000      0.000      0.025
    15   max     -29.132       0.164      0.000      0.000      0.000      5.173
    15   min     -29.472      -0.176      0.000      0.000      0.000     -2.539
    16   max      41.698       0.006      0.000      0.000      0.000     -0.175
    16   min      41.358       0.006      0.000      0.000      0.000     -0.905
    17   max     -59.424       0.148      0.000      0.000      0.000      5.580
    17   min     -59.764      -0.192      0.000      0.000      0.000     -3.599
    18   max     -26.036       0.155      0.000      0.000      0.000      1.356
    18   min     -26.036      -0.185      0.000      0.000      0.000     -4.677
    19   max     -72.094       0.171      0.000      0.000      0.000      1.726
    19   min     -72.094      -0.169      0.000      0.000      0.000     -3.447
    20   max     -72.094       0.169      0.000      0.000      0.000      1.726
    20   min     -72.094      -0.171      0.000      0.000      0.000     -3.447
    21   max     -42.149       0.185      0.000      0.000      0.000      1.356
    21   min     -42.149      -0.155      0.000      0.000      0.000     -4.675

L O A D   C A S E   2   O F   2  ... 

N O D E   D I S P L A C E M E N T S  					(global)
  Node    X-dsp       Y-dsp       Z-dsp       X-rot       Y-rot       Z-rot
     1    0.0        -1.000000    0.0         0.0         0.0        -0.501206
     2    0.071965   -1.067463    0.0         0.0         0.0        -0.086438
     3    0.134909   -1.018927    0.0         0.0         0.0         0.016991
     4    0.189577   -0.850595    0.0         0.0         0.0         0.001616
     5    0.220207   -0.615710    0.0         0.0         0.0        -0.013988
     6    0.242560   -0.325659    0.0         0.0         0.0         0.088765
     7    0.254035    0.0         0.0         0.0         0.0         0.503041
     8    0.100000   -1.076148    0.0         0.0         0.0         0.136834
     9    0.048727   -1.018711    0.0         0.0         0.0        -0.009551
    10    0.016113   -0.850807    0.0         0.0         0.0         0.001627
    11   -0.016502   -0.615495    0.0         0.0         0.0         0.012588
    12   -0.027973   -0.314444    0.0         0.0         0.0        -0.134603
F R A M E   E L E M E N T   E N D   F O R C E S				(local)
  Elmnt  Node       Nx          Vy         Vz        Txx        Myy        Mzz
     1      1   -173.916t      0.099      0.0        0.0        0.0       -1.856
     1      2    173.916t      0.241      0.0        0.0        0.0       -6.649
     2      2   -152.115t      0.161      0.0        0.0        0.0        2.639
     2      3    152.115t      0.178      0.0        0.0        0.0       -3.658
     3      3   -132.114t      0.172      0.0        0.0        0.0        3.550
     3      4    132.114t      0.168      0.0        0.0        0.0       -3.321
     4      4    -74.021t      0.168      0.0        0.0        0.0        3.318
     4      5     74.021t      0.172      0.0        0.0        0.0       -3.555
     5      5    -54.022t      0.178      0.0        0.0        0.0        3.658
     5      6     54.022t      0.161      0.0        0.0        0.0       -2.643
     6      6    -27.729t      0.241      0.0        0.0        0.0        6.649
     6      7     27.729t      0.099      0.0        0.0        0.0        1.854
     7      1    -28.651t      0.148      0.0        0.0        0.0        1.856
     7      8     28.991t      0.192      0.0        0.0        0.0       -5.577
     8      2     21.160c      0.006      0.0        0.0        0.0       -0.171
     8      8    -20.820c     -0.006      0.0        0.0        0.0        0.908
     9      2    -30.658t      0.164      0.0        0.0        0.0        4.180
     9      9     30.998t      0.176      0.0        0.0        0.0       -5.170
    10      3     -0.350t      0.001      0.0        0.0        0.0        0.108
    10      9      0.690t     -0.001      0.0        0.0        0.0       -0.021
    11      4     33.116c     -0.171      0.0        0.0        0.0       -4.841
    11      9    -32.776c     -0.169      0.0        0.0        0.0        4.734
    12      4      0.682c      0.0        0.0        0.0        0.0        0.003
    12     10     -0.342c      0.0        0.0        0.0        0.0        0.003
    13      4    -34.898t      0.171      0.0        0.0        0.0        4.842
    13     11     35.237t      0.169      0.0        0.0        0.0       -4.734
    14      5     -0.350t     -0.001      0.0        0.0        0.0       -0.103
    14     11      0.690t      0.001      0.0        0.0        0.0        0.025
    15      6     37.356c     -0.164      0.0        0.0        0.0       -4.180
    15     11    -37.016c     -0.176      0.0        0.0        0.0        5.173
    16      6    -26.933t     -0.006      0.0        0.0        0.0        0.175
    16     12     27.273t      0.006      0.0        0.0        0.0       -0.905
    17      7     39.363c     -0.148      0.0        0.0        0.0       -1.854
    17     12    -39.023c     -0.192      0.0        0.0        0.0        5.580
    18      8    123.910c      0.185      0.0        0.0        0.0        4.668
    18      9   -123.910c      0.155      0.0        0.0        0.0       -2.837
    19      9     78.818c      0.169      0.0        0.0        0.0        3.294
    19     10    -78.818c      0.171      0.0        0.0        0.0       -3.449
    20     10     78.818c      0.171      0.0        0.0        0.0        3.447
    20     11    -78.818c      0.169      0.0        0.0        0.0       -3.298
    21     11     27.723c      0.155      0.0        0.0        0.0        2.834
    21     12    -27.723c      0.185      0.0        0.0        0.0       -4.675
R E A C T I O N S							(global)
  Node        Fx          Fy          Fz         Mxx         Myy         Mzz
     1    -194.280     -20.056       0.0         0.0         0.0         0.0  
     2       0.0         0.0         0.0         0.0         0.0         0.0  
     3       0.0         0.0         0.0         0.0         0.0         0.0  
     4       0.0         0.0         0.0         0.0         0.0         0.0  
     5       0.0         0.0         0.0         0.0         0.0         0.0  
     6       0.0         0.0         0.0         0.0         0.0         0.0  
     7       0.0        28.038       0.0         0.0         0.0         0.0  
     8     144.280       0.0         0.0         0.0         0.0         0.0  
     9       0.0         0.0         0.0         0.0         0.0         0.0  
    10       0.0         0.0         0.0         0.0         0.0         0.0  
    11       0.0         0.0         0.0         0.0         0.0         0.0  
    12       0.0         0.0         0.0         0.0         0.0         0.0  
R M S    R E L A T I V E    E Q U I L I B R I U M    E R R O R: 1.932e-17

P E A K   F R A M E   E L E M E N T   I N T E R N A L   F O R C E S	(local)
  Elmnt             Nx          Vy         Vz        Txx        Myy        Mzz
     1   max     173.916       0.241      0.000      0.000      0.000      3.553
     1   min     173.916      -0.099      0.000      0.000      0.000     -6.649
     2   max     152.115       0.178      0.000      0.000      0.000      1.949
     2   min     152.115      -0.161      0.000      0.000      0.000     -3.658
     3   max     132.114       0.168      0.000      0.000      0.000      1.662
     3   min     132.114      -0.172      0.000      0.000      0.000     -3.550
     4   max      74.021       0.172      0.000      0.000      0.000      1.662
     4   min      74.021      -0.168      0.000      0.000      0.000     -3.555
     5   max      54.022       0.161      0.000      0.000      0.000      1.948
     5   min      54.022      -0.178      0.000      0.000      0.000     -3.658
     6   max      27.729       0.099      0.000      0.000      0.000      3.552
     6   min      27.729      -0.241      0.000      0.000      0.000     -6.649
     7   max      28.991       0.192      0.000      0.000      0.000      3.598
     7   min      28.651      -0.148      0.000      0.000      0.000     -5.577
     8   max     -20.820      -0.006      0.000      0.000      0.000      0.908
     8   min     -21.160      -0.006      0.000      0.000      0.000      0.171
     9   max      30.998       0.176      0.000      0.000      0.000      2.539
     9   min      30.658      -0.164      0.000      0.000      0.000     -5.170
    10   max       0.690      -0.001      0.000      0.000      0.000     -0.021
    10   min       0.350      -0.001      0.000      0.000      0.000     -0.108
    11   max     -32.776       0.171     -0.000      0.000      0.000      4.841
    11   min     -33.116      -0.169     -0.000      0.000      0.000     -2.399
    12   max      -0.342      -0.000      0.000      0.000      0.000      0.003
    12   min      -0.682      -0.000      0.000      0.000      0.000     -0.003
    13   max      35.237       0.169      0.000      0.000      0.000      2.399
    13   min      34.898      -0.171      0.000      0.000      0.000     -4.842
    14   max       0.690       0.001      0.000      0.000      0.000      0.103
    14   min       0.350       0.001      0.000      0.000      0.000      0.025
    15   max     -37.016       0.164      0.000      0.000      0.000      5.173
    15   min     -37.356      -0.176      0.000      0.000      0.000     -2.538
    16   max      27.273       0.006      0.000      0.000      0.000     -0.175
    16   min      26.933       0.006      0.000      0.000      0.000     -0.905
    17   max     -39.023       0.148      0.000      0.000      0.000      5.580
    17   min     -39.363      -0.192      0.000      0.000      0.000     -3.598
    18   max    -123.910       0.155      0.000      0.000      0.000      1.357
    18   min    -123.910      -0.185      0.000      0.000      0.000     -4.668
    19   max     -78.818       0.171      0.000      0.000      0.000      1.726
    19   min     -78.818      -0.169      0.000      0.000      0.000     -3.449
    20   max     -78.818       0.169      0.000      0.000      0.000      1.726
    20   min     -78.818      -0.171      0.000      0.000      0.000     -3.447
    21   max     -27.723       0.185      0.000      0.000      0.000      1.356
    21   min     -27.723      -0.155      0.000      0.000      0.000     -4.675

