________________________________________________________________________________
Frame3DD version: 20100105               http://frame3dd.sf.net/
GPL Copyright (C) 1992-2010, Henri P. Gavin 
Frame3DD is distributed in the hope that it will be useful but with no warranty.
For details see the GNU Public Licence: http://www.fsf.org/copyleft/gpl.html
________________________________________________________________________________

Patch Test for Frame3DD  -   October 2012 
Tue Oct 23 21:34:27 2012
________________________________________________________________________________
In 2D problems the Y-axis is vertical.  In 3D problems the Z-axis is vertical.
________________________________________________________________________________
   16 NODES              7 FIXED NODES       15 FRAME ELEMENTS   1 LOAD CASES   
________________________________________________________________________________
N O D E   D A T A                                           R E S T R A I N T S
  Node       X              Y              Z         radius  Fx Fy Fz Mx My Mz
    1       0.000000       0.000000       0.000000    0.000   1  1  1  1  1  1
    2       0.000000    1600.000000       0.000000    0.000   0  0  0  0  0  0
    3       0.000000    3200.000000       0.000000    0.000   0  0  1  0  0  0
    4       0.000000    4800.000000       0.000000    0.000   0  0  0  0  0  0
    5       0.000000    6400.000000       0.000000    0.000   0  0  0  0  0  0
    6       0.000000    8000.000000       0.000000    0.000   0  0  1  0  0  0
    7    2400.000000    8000.000000       0.000000    0.000   0  0  0  0  0  0
    8    4800.000000    8000.000000       0.000000    0.000   0  0  0  0  0  0
    9    7200.000000    8000.000000       0.000000    0.000   0  0  1  0  0  0
   10    9600.000000    8000.000000       0.000000    0.000   0  0  0  0  0  0
   11   12000.000000    8000.000000       0.000000    0.000   0  0  1  0  0  0
   12   12000.000000    6400.000000       0.000000    0.000   0  0  0  0  0  0
   13   12000.000000    4800.000000       0.000000    0.000   0  0  1  0  0  0
   14   12000.000000    3200.000000       0.000000    0.000   0  0  0  0  0  0
   15   12000.000000    1600.000000       0.000000    0.000   0  0  0  0  0  0
   16   12000.000000       0.000000       0.000000    0.000   1  1  1  1  1  1
F R A M E   E L E M E N T   D A T A					(local)
  Elmnt  J1    J2     Ax   Asy   Asz    Jxx     Iyy     Izz       E       G roll  density
    1     1     2 2434.7 2434.7 2434.7 14638840.0 7319420.0 7319420.0 200000.0 79300.0   0 2.62e-09
    2     2     3 2434.7 2434.7 2434.7 14638840.0 7319420.0 7319420.0 200000.0 79300.0   0 2.62e-09
    3     3     4 2434.7 2434.7 2434.7 14638840.0 7319420.0 7319420.0 200000.0 79300.0   0 2.62e-09
    4     4     5 2434.7 2434.7 2434.7 14638840.0 7319420.0 7319420.0 200000.0 79300.0   0 2.62e-09
    5     5     6 2434.7 2434.7 2434.7 14638840.0 7319420.0 7319420.0 200000.0 79300.0   0 2.62e-09
    6     6     7 2434.7 2434.7 2434.7 14638840.0 7319420.0 7319420.0 200000.0 79300.0   0 2.62e-09
    7     7     8 2434.7 2434.7 2434.7 14638840.0 7319420.0 7319420.0 200000.0 79300.0   0 2.62e-09
    8     8     9 2434.7 2434.7 2434.7 14638840.0 7319420.0 7319420.0 200000.0 79300.0   0 2.62e-09
    9     9    10 2434.7 2434.7 2434.7 14638840.0 7319420.0 7319420.0 200000.0 79300.0   0 2.62e-09
   10    10    11 2434.7 2434.7 2434.7 14638840.0 7319420.0 7319420.0 200000.0 79300.0   0 2.62e-09
   11    11    12 2434.7 2434.7 2434.7 14638840.0 7319420.0 7319420.0 200000.0 79300.0   0 2.62e-09
   12    12    13 2434.7 2434.7 2434.7 14638840.0 7319420.0 7319420.0 200000.0 79300.0   0 2.62e-09
   13    13    14 2434.7 2434.7 2434.7 14638840.0 7319420.0 7319420.0 200000.0 79300.0   0 2.62e-09
   14    14    15 2434.7 2434.7 2434.7 14638840.0 7319420.0 7319420.0 200000.0 79300.0   0 2.62e-09
   15    15    16 2434.7 2434.7 2434.7 14638840.0 7319420.0 7319420.0 200000.0 79300.0   0 2.62e-09
  Neglect shear deformations.
  Include geometric stiffness.

L O A D   C A S E   1   O F   1  ... 

   Gravity X =  0.0    Gravity Y =  0.0    Gravity Z =  0.0 
   2 concentrated loads
   0 uniformly distributed loads
   0 trapezoidally distributed loads
   0 concentrated point loads
   0 temperature loads
   0 prescribed displacements
 N O D A L   L O A D S  +  E Q U I V A L E N T   N O D A L   L O A D S  (global)
  Node        Fx          Fy          Fz          Mxx         Myy         Mzz
     6    1511.200 -150002.000       0.000       0.000       0.000       0.000
    11    1511.200 -150002.000       0.000       0.000       0.000       0.000

E L A S T I C   S T I F F N E S S   A N A L Y S I S   via  L D L'  decomposition


L O A D   C A S E   1   O F   1  ... 

N O D E   D I S P L A C E M E N T S  					(global)
  Node    X-dsp       Y-dsp       Z-dsp       X-rot       Y-rot       Z-rot
     2  284.975864   -0.344927    0.0         0.0         0.0        -0.343035
     3 1040.039952   -0.689854    0.0         0.0         0.0        -0.578593
     4 2055.950500   -1.034781    0.0         0.0         0.0        -0.664090
     5 3076.310175   -1.379708    0.0         0.0         0.0        -0.584069
     6 3843.917333   -1.724635    0.0         0.0         0.0        -0.352998
     7 3844.040002 -399.309026    0.0         0.0         0.0        -0.010502
     8 3844.162671 -195.387224    0.0         0.0         0.0         0.152342
     9 3844.285340  201.498495    0.0         0.0         0.0         0.151611
    10 3844.408010  401.857547    0.0         0.0         0.0        -0.012765
    11 3844.530679   -3.204100    0.0         0.0         0.0        -0.357016
    12 3064.440233   -2.563280    0.0         0.0         0.0        -0.597077
    13 2019.201630   -1.922460    0.0         0.0         0.0        -0.678978
    14  991.669360   -1.281640    0.0         0.0         0.0        -0.575576
    15  258.829591   -0.640820    0.0         0.0         0.0        -0.321142
F R A M E   E L E M E N T   E N D   F O R C E S				(local)
  Elmnt  Node       Nx          Vy         Vz        Txx        Myy        Mzz
     1      1 104975.679c  26400.125      0.0        0.0        0.0   345128939.397
     1      2 -104975.679c -26400.125      0.0        0.0        0.0   -272973205.095
     2      2 104975.679c  26400.125      0.0        0.0        0.0   272973205.095
     2      3 -104975.679c -26400.125      0.0        0.0        0.0   -151469640.213
     3      3 104975.679c  26400.125      0.0        0.0        0.0   151469640.213
     3      4 -104975.679c -26400.125      0.0        0.0        0.0   -2583541.060
     4      4 104975.679c  26400.125      0.0        0.0        0.0   2583541.060
     4      5 -104975.679c -26400.125      0.0        0.0        0.0   146769608.134
     5      5 104975.679c  26400.125      0.0        0.0        0.0   -146769608.133
     5      6 -104975.679c -26400.125      0.0        0.0        0.0   269589890.286
     6      6 -24888.925t -45026.321      0.0        0.0        0.0   -269589890.287
     6      7  24888.925t  45026.321      0.0        0.0        0.0   151631272.070
     7      7 -24888.925t -45026.321      0.0        0.0        0.0   -151631272.069
     7      8  24888.925t  45026.321      0.0        0.0        0.0   48643496.184
     8      8 -24888.925t -45026.321      0.0        0.0        0.0   -48643496.183
     8      9  24888.925t  45026.321      0.0        0.0        0.0   -49541615.305
     9      9 -24888.925t -45026.321      0.0        0.0        0.0   49541615.305
     9     10  24888.925t  45026.321      0.0        0.0        0.0   -152618064.190
    10     10 -24888.925t -45026.321      0.0        0.0        0.0   152618064.191
    10     11  24888.925t  45026.321      0.0        0.0        0.0   -270762783.261
    11     11 195028.321c -23377.725      0.0        0.0        0.0   270762783.259
    11     12 -195028.321c  23377.725      0.0        0.0        0.0   -156027412.879
    12     12 195028.321c -23377.725      0.0        0.0        0.0   156027412.879
    12     13 -195028.321c  23377.725      0.0        0.0        0.0   10419357.349
    13     13 195028.321c -23377.725      0.0        0.0        0.0   -10419357.348
    13     14 -195028.321c  23377.725      0.0        0.0        0.0   173412891.096
    14     14 195028.321c -23377.725      0.0        0.0        0.0   -173412891.096
    14     15 -195028.321c  23377.725      0.0        0.0        0.0   278933041.258
    15     15 195028.321c -23377.725      0.0        0.0        0.0   -278933041.258
    15     16 -195028.321c  23377.725      0.0        0.0        0.0   292007782.237
R E A C T I O N S							(global)
  Node        Fx          Fy          Fz         Mxx         Myy         Mzz
     1  -26400.125  104975.679       0.0         0.0         0.0   345128939.396
     3       0.0         0.0         0.0         0.0         0.0         0.0  
     6       0.0         0.0         0.0         0.0         0.0         0.0  
     9       0.0         0.0         0.0         0.0         0.0         0.0  
    11       0.0         0.0         0.0         0.0         0.0         0.0  
    13       0.0         0.0         0.0         0.0         0.0         0.0  
    16   23377.725  195028.321       0.0         0.0         0.0   292007782.237
R M S   E Q U I L I B R I U M    E R R O R: 1.814e-22

________________________________________________________________________________
Frame3DD version: 20100105               http://frame3dd.sf.net/
GPL Copyright (C) 1992-2010, Henri P. Gavin 
Frame3DD is distributed in the hope that it will be useful but with no warranty.
For details see the GNU Public Licence: http://www.fsf.org/copyleft/gpl.html
________________________________________________________________________________

Patch Test for Frame3DD  -   October 2012 
Tue Oct 23 21:35:10 2012
________________________________________________________________________________
In 2D problems the Y-axis is vertical.  In 3D problems the Z-axis is vertical.
________________________________________________________________________________
   16 NODES              7 FIXED NODES       15 FRAME ELEMENTS   1 LOAD CASES   
________________________________________________________________________________
N O D E   D A T A                                           R E S T R A I N T S
  Node       X              Y              Z         radius  Fx Fy Fz Mx My Mz
    1       0.000000       0.000000       0.000000    0.000   1  1  1  1  1  1
    2       0.000000    1600.000000       0.000000    0.000   0  0  0  0  0  0
    3       0.000000    3200.000000       0.000000    0.000   0  0  1  0  0  0
    4       0.000000    4800.000000       0.000000    0.000   0  0  0  0  0  0
    5       0.000000    6400.000000       0.000000    0.000   0  0  0  0  0  0
    6       0.000000    8000.000000       0.000000    0.000   0  0  1  0  0  0
    7    2400.000000    8000.000000       0.000000    0.000   0  0  0  0  0  0
    8    4800.000000    8000.000000       0.000000    0.000   0  0  0  0  0  0
    9    7200.000000    8000.000000       0.000000    0.000   0  0  1  0  0  0
   10    9600.000000    8000.000000       0.000000    0.000   0  0  0  0  0  0
   11   12000.000000    8000.000000       0.000000    0.000   0  0  1  0  0  0
   12   12000.000000    6400.000000       0.000000    0.000   0  0  0  0  0  0
   13   12000.000000    4800.000000       0.000000    0.000   0  0  1  0  0  0
   14   12000.000000    3200.000000       0.000000    0.000   0  0  0  0  0  0
   15   12000.000000    1600.000000       0.000000    0.000   0  0  0  0  0  0
   16   12000.000000       0.000000       0.000000    0.000   1  1  1  1  1  1
F R A M E   E L E M E N T   D A T A					(local)
  Elmnt  J1    J2     Ax   Asy   Asz    Jxx     Iyy     Izz       E       G roll  density
    1     1     2 2434.7 2434.7 2434.7 14638840.0 7319420.0 7319420.0 200000.0 79300.0   0 2.62e-09
    2     2     3 2434.7 2434.7 2434.7 14638840.0 7319420.0 7319420.0 200000.0 79300.0   0 2.62e-09
    3     3     4 2434.7 2434.7 2434.7 14638840.0 7319420.0 7319420.0 200000.0 79300.0   0 2.62e-09
    4     4     5 2434.7 2434.7 2434.7 14638840.0 7319420.0 7319420.0 200000.0 79300.0   0 2.62e-09
    5     5     6 2434.7 2434.7 2434.7 14638840.0 7319420.0 7319420.0 200000.0 79300.0   0 2.62e-09
    6     6     7 2434.7 2434.7 2434.7 14638840.0 7319420.0 7319420.0 200000.0 79300.0   0 2.62e-09
    7     7     8 2434.7 2434.7 2434.7 14638840.0 7319420.0 7319420.0 200000.0 79300.0   0 2.62e-09
    8     8     9 2434.7 2434.7 2434.7 14638840.0 7319420.0 7319420.0 200000.0 79300.0   0 2.62e-09
    9     9    10 2434.7 2434.7 2434.7 14638840.0 7319420.0 7319420.0 200000.0 79300.0   0 2.62e-09
   10    10    11 2434.7 2434.7 2434.7 14638840.0 7319420.0 7319420.0 200000.0 79300.0   0 2.62e-09
   11    11    12 2434.7 2434.7 2434.7 14638840.0 7319420.0 7319420.0 200000.0 79300.0   0 2.62e-09
   12    12    13 2434.7 2434.7 2434.7 14638840.0 7319420.0 7319420.0 200000.0 79300.0   0 2.62e-09
   13    13    14 2434.7 2434.7 2434.7 14638840.0 7319420.0 7319420.0 200000.0 79300.0   0 2.62e-09
   14    14    15 2434.7 2434.7 2434.7 14638840.0 7319420.0 7319420.0 200000.0 79300.0   0 2.62e-09
   15    15    16 2434.7 2434.7 2434.7 14638840.0 7319420.0 7319420.0 200000.0 79300.0   0 2.62e-09
  Neglect shear deformations.
  Include geometric stiffness.

L O A D   C A S E   1   O F   1  ... 

   Gravity X =  0.0    Gravity Y =  0.0    Gravity Z =  0.0 
   2 concentrated loads
   0 uniformly distributed loads
   0 trapezoidally distributed loads
   0 concentrated point loads
   0 temperature loads
   0 prescribed displacements
 N O D A L   L O A D S  +  E Q U I V A L E N T   N O D A L   L O A D S  (global)
  Node        Fx          Fy          Fz          Mxx         Myy         Mzz
     6    1511.200 -150002.000       0.000       0.000       0.000       0.000
    11    1511.200 -150002.000       0.000       0.000       0.000       0.000

E L A S T I C   S T I F F N E S S   A N A L Y S I S   via  L D L'  decomposition


L O A D   C A S E   1   O F   1  ... 

N O D E   D I S P L A C E M E N T S  					(global)
  Node    X-dsp       Y-dsp       Z-dsp       X-rot       Y-rot       Z-rot
     2  284.975864   -0.344927    0.0         0.0         0.0        -0.343035
     3 1040.039952   -0.689854    0.0         0.0         0.0        -0.578593
     4 2055.950500   -1.034781    0.0         0.0         0.0        -0.664090
     5 3076.310175   -1.379708    0.0         0.0         0.0        -0.584069
     6 3843.917333   -1.724635    0.0         0.0         0.0        -0.352998
     7 3844.040002 -399.309026    0.0         0.0         0.0        -0.010502
     8 3844.162671 -195.387224    0.0         0.0         0.0         0.152342
     9 3844.285340  201.498495    0.0         0.0         0.0         0.151611
    10 3844.408010  401.857547    0.0         0.0         0.0        -0.012765
    11 3844.530679   -3.204100    0.0         0.0         0.0        -0.357016
    12 3064.440233   -2.563280    0.0         0.0         0.0        -0.597077
    13 2019.201630   -1.922460    0.0         0.0         0.0        -0.678978
    14  991.669360   -1.281640    0.0         0.0         0.0        -0.575576
    15  258.829591   -0.640820    0.0         0.0         0.0        -0.321142
F R A M E   E L E M E N T   E N D   F O R C E S				(local)
  Elmnt  Node       Nx          Vy         Vz        Txx        Myy        Mzz
     1      1 104975.679c  26400.125      0.0        0.0        0.0   345128939.397
     1      2 -104975.679c -26400.125      0.0        0.0        0.0   -272973205.095
     2      2 104975.679c  26400.125      0.0        0.0        0.0   272973205.095
     2      3 -104975.679c -26400.125      0.0        0.0        0.0   -151469640.213
     3      3 104975.679c  26400.125      0.0        0.0        0.0   151469640.213
     3      4 -104975.679c -26400.125      0.0        0.0        0.0   -2583541.060
     4      4 104975.679c  26400.125      0.0        0.0        0.0   2583541.060
     4      5 -104975.679c -26400.125      0.0        0.0        0.0   146769608.134
     5      5 104975.679c  26400.125      0.0        0.0        0.0   -146769608.133
     5      6 -104975.679c -26400.125      0.0        0.0        0.0   269589890.286
     6      6 -24888.925t -45026.321      0.0        0.0        0.0   -269589890.287
     6      7  24888.925t  45026.321      0.0        0.0        0.0   151631272.070
     7      7 -24888.925t -45026.321      0.0        0.0        0.0   -151631272.069
     7      8  24888.925t  45026.321      0.0        0.0        0.0   48643496.184
     8      8 -24888.925t -45026.321      0.0        0.0        0.0   -48643496.183
     8      9  24888.925t  45026.321      0.0        0.0        0.0   -49541615.305
     9      9 -24888.925t -45026.321      0.0        0.0        0.0   49541615.305
     9     10  24888.925t  45026.321      0.0        0.0        0.0   -152618064.190
    10     10 -24888.925t -45026.321      0.0        0.0        0.0   152618064.191
    10     11  24888.925t  45026.321      0.0        0.0        0.0   -270762783.261
    11     11 195028.321c -23377.725      0.0        0.0        0.0   270762783.259
    11     12 -195028.321c  23377.725      0.0        0.0        0.0   -156027412.879
    12     12 195028.321c -23377.725      0.0        0.0        0.0   156027412.879
    12     13 -195028.321c  23377.725      0.0        0.0        0.0   10419357.349
    13     13 195028.321c -23377.725      0.0        0.0        0.0   -10419357.348
    13     14 -195028.321c  23377.725      0.0        0.0        0.0   173412891.096
    14     14 195028.321c -23377.725      0.0        0.0        0.0   -173412891.096
    14     15 -195028.321c  23377.725      0.0        0.0        0.0   278933041.258
    15     15 195028.321c -23377.725      0.0        0.0        0.0   -278933041.258
    15     16 -195028.321c  23377.725      0.0        0.0        0.0   292007782.237
R E A C T I O N S							(global)
  Node        Fx          Fy          Fz         Mxx         Myy         Mzz
     1  -26400.125  104975.679       0.0         0.0         0.0   345128939.396
     3       0.0         0.0         0.0         0.0         0.0         0.0  
     6       0.0         0.0         0.0         0.0         0.0         0.0  
     9       0.0         0.0         0.0         0.0         0.0         0.0  
    11       0.0         0.0         0.0         0.0         0.0         0.0  
    13       0.0         0.0         0.0         0.0         0.0         0.0  
    16   23377.725  195028.321       0.0         0.0         0.0   292007782.237
R M S   E Q U I L I B R I U M    E R R O R: 1.814e-22

________________________________________________________________________________
Frame3DD version: 20100105               http://frame3dd.sf.net/
GPL Copyright (C) 1992-2010, Henri P. Gavin 
Frame3DD is distributed in the hope that it will be useful but with no warranty.
For details see the GNU Public Licence: http://www.fsf.org/copyleft/gpl.html
________________________________________________________________________________

Patch Test for Frame3DD  -   October 2012 
Tue Oct 23 21:36:55 2012
________________________________________________________________________________
In 2D problems the Y-axis is vertical.  In 3D problems the Z-axis is vertical.
________________________________________________________________________________
   16 NODES              7 FIXED NODES       15 FRAME ELEMENTS   1 LOAD CASES   
________________________________________________________________________________
N O D E   D A T A                                           R E S T R A I N T S
  Node       X              Y              Z         radius  Fx Fy Fz Mx My Mz
    1       0.000000       0.000000       0.000000    0.000   1  1  1  1  1  1
    2       0.000000    1600.000000       0.000000    0.000   0  0  0  0  0  0
    3       0.000000    3200.000000       0.000000    0.000   0  0  1  0  0  0
    4       0.000000    4800.000000       0.000000    0.000   0  0  0  0  0  0
    5       0.000000    6400.000000       0.000000    0.000   0  0  0  0  0  0
    6       0.000000    8000.000000       0.000000    0.000   0  0  1  0  0  0
    7    2400.000000    8000.000000       0.000000    0.000   0  0  0  0  0  0
    8    4800.000000    8000.000000       0.000000    0.000   0  0  0  0  0  0
    9    7200.000000    8000.000000       0.000000    0.000   0  0  1  0  0  0
   10    9600.000000    8000.000000       0.000000    0.000   0  0  0  0  0  0
   11   12000.000000    8000.000000       0.000000    0.000   0  0  1  0  0  0
   12   12000.000000    6400.000000       0.000000    0.000   0  0  0  0  0  0
   13   12000.000000    4800.000000       0.000000    0.000   0  0  1  0  0  0
   14   12000.000000    3200.000000       0.000000    0.000   0  0  0  0  0  0
   15   12000.000000    1600.000000       0.000000    0.000   0  0  0  0  0  0
   16   12000.000000       0.000000       0.000000    0.000   1  1  1  1  1  1
F R A M E   E L E M E N T   D A T A					(local)
  Elmnt  J1    J2     Ax   Asy   Asz    Jxx     Iyy     Izz       E       G roll  density
    1     1     2 2434.7 2434.7 2434.7 14638840.0 7319420.0 7319420.0 200000.0 79300.0   0 2.62e-09
    2     2     3 2434.7 2434.7 2434.7 14638840.0 7319420.0 7319420.0 200000.0 79300.0   0 2.62e-09
    3     3     4 2434.7 2434.7 2434.7 14638840.0 7319420.0 7319420.0 200000.0 79300.0   0 2.62e-09
    4     4     5 2434.7 2434.7 2434.7 14638840.0 7319420.0 7319420.0 200000.0 79300.0   0 2.62e-09
    5     5     6 2434.7 2434.7 2434.7 14638840.0 7319420.0 7319420.0 200000.0 79300.0   0 2.62e-09
    6     6     7 2434.7 2434.7 2434.7 14638840.0 7319420.0 7319420.0 200000.0 79300.0   0 2.62e-09
    7     7     8 2434.7 2434.7 2434.7 14638840.0 7319420.0 7319420.0 200000.0 79300.0   0 2.62e-09
    8     8     9 2434.7 2434.7 2434.7 14638840.0 7319420.0 7319420.0 200000.0 79300.0   0 2.62e-09
    9     9    10 2434.7 2434.7 2434.7 14638840.0 7319420.0 7319420.0 200000.0 79300.0   0 2.62e-09
   10    10    11 2434.7 2434.7 2434.7 14638840.0 7319420.0 7319420.0 200000.0 79300.0   0 2.62e-09
   11    11    12 2434.7 2434.7 2434.7 14638840.0 7319420.0 7319420.0 200000.0 79300.0   0 2.62e-09
   12    12    13 2434.7 2434.7 2434.7 14638840.0 7319420.0 7319420.0 200000.0 79300.0   0 2.62e-09
   13    13    14 2434.7 2434.7 2434.7 14638840.0 7319420.0 7319420.0 200000.0 79300.0   0 2.62e-09
   14    14    15 2434.7 2434.7 2434.7 14638840.0 7319420.0 7319420.0 200000.0 79300.0   0 2.62e-09
   15    15    16 2434.7 2434.7 2434.7 14638840.0 7319420.0 7319420.0 200000.0 79300.0   0 2.62e-09
  Neglect shear deformations.
  Include geometric stiffness.

L O A D   C A S E   1   O F   1  ... 

   Gravity X =  0.0    Gravity Y =  0.0    Gravity Z =  0.0 
   2 concentrated loads
   0 uniformly distributed loads
   0 trapezoidally distributed loads
   0 concentrated point loads
   0 temperature loads
   0 prescribed displacements
 N O D A L   L O A D S  +  E Q U I V A L E N T   N O D A L   L O A D S  (global)
  Node        Fx          Fy          Fz          Mxx         Myy         Mzz
     6    1511.200 -150002.000       0.000       0.000       0.000       0.000
    11    1511.200 -150002.000       0.000       0.000       0.000       0.000

E L A S T I C   S T I F F N E S S   A N A L Y S I S   via  L D L'  decomposition


L O A D   C A S E   1   O F   1  ... 

N O D E   D I S P L A C E M E N T S  					(global)
  Node    X-dsp       Y-dsp       Z-dsp       X-rot       Y-rot       Z-rot
     2  284.975864   -0.344927    0.0         0.0         0.0        -0.343035
     3 1040.039952   -0.689854    0.0         0.0         0.0        -0.578593
     4 2055.950500   -1.034781    0.0         0.0         0.0        -0.664090
     5 3076.310175   -1.379708    0.0         0.0         0.0        -0.584069
     6 3843.917333   -1.724635    0.0         0.0         0.0        -0.352998
     7 3844.040002 -399.309026    0.0         0.0         0.0        -0.010502
     8 3844.162671 -195.387224    0.0         0.0         0.0         0.152342
     9 3844.285340  201.498495    0.0         0.0         0.0         0.151611
    10 3844.408010  401.857547    0.0         0.0         0.0        -0.012765
    11 3844.530679   -3.204100    0.0         0.0         0.0        -0.357016
    12 3064.440233   -2.563280    0.0         0.0         0.0        -0.597077
    13 2019.201630   -1.922460    0.0         0.0         0.0        -0.678978
    14  991.669360   -1.281640    0.0         0.0         0.0        -0.575576
    15  258.829591   -0.640820    0.0         0.0         0.0        -0.321142
F R A M E   E L E M E N T   E N D   F O R C E S				(local)
  Elmnt  Node       Nx          Vy         Vz        Txx        Myy        Mzz
     1      1 104975.679c  26400.125      0.0        0.0        0.0   345128939.397
     1      2 -104975.679c -26400.125      0.0        0.0        0.0   -272973205.095
     2      2 104975.679c  26400.125      0.0        0.0        0.0   272973205.095
     2      3 -104975.679c -26400.125      0.0        0.0        0.0   -151469640.213
     3      3 104975.679c  26400.125      0.0        0.0        0.0   151469640.213
     3      4 -104975.679c -26400.125      0.0        0.0        0.0   -2583541.060
     4      4 104975.679c  26400.125      0.0        0.0        0.0   2583541.060
     4      5 -104975.679c -26400.125      0.0        0.0        0.0   146769608.134
     5      5 104975.679c  26400.125      0.0        0.0        0.0   -146769608.133
     5      6 -104975.679c -26400.125      0.0        0.0        0.0   269589890.286
     6      6 -24888.925t -45026.321      0.0        0.0        0.0   -269589890.287
     6      7  24888.925t  45026.321      0.0        0.0        0.0   151631272.070
     7      7 -24888.925t -45026.321      0.0        0.0        0.0   -151631272.069
     7      8  24888.925t  45026.321      0.0        0.0        0.0   48643496.184
     8      8 -24888.925t -45026.321      0.0        0.0        0.0   -48643496.183
     8      9  24888.925t  45026.321      0.0        0.0        0.0   -49541615.305
     9      9 -24888.925t -45026.321      0.0        0.0        0.0   49541615.305
     9     10  24888.925t  45026.321      0.0        0.0        0.0   -152618064.190
    10     10 -24888.925t -45026.321      0.0        0.0        0.0   152618064.191
    10     11  24888.925t  45026.321      0.0        0.0        0.0   -270762783.261
    11     11 195028.321c -23377.725      0.0        0.0        0.0   270762783.259
    11     12 -195028.321c  23377.725      0.0        0.0        0.0   -156027412.879
    12     12 195028.321c -23377.725      0.0        0.0        0.0   156027412.879
    12     13 -195028.321c  23377.725      0.0        0.0        0.0   10419357.349
    13     13 195028.321c -23377.725      0.0        0.0        0.0   -10419357.348
    13     14 -195028.321c  23377.725      0.0        0.0        0.0   173412891.096
    14     14 195028.321c -23377.725      0.0        0.0        0.0   -173412891.096
    14     15 -195028.321c  23377.725      0.0        0.0        0.0   278933041.258
    15     15 195028.321c -23377.725      0.0        0.0        0.0   -278933041.258
    15     16 -195028.321c  23377.725      0.0        0.0        0.0   292007782.237
R E A C T I O N S							(global)
  Node        Fx          Fy          Fz         Mxx         Myy         Mzz
     1  -26400.125  104975.679       0.0         0.0         0.0   345128939.396
     3       0.0         0.0         0.0         0.0         0.0         0.0  
     6       0.0         0.0         0.0         0.0         0.0         0.0  
     9       0.0         0.0         0.0         0.0         0.0         0.0  
    11       0.0         0.0         0.0         0.0         0.0         0.0  
    13       0.0         0.0         0.0         0.0         0.0         0.0  
    16   23377.725  195028.321       0.0         0.0         0.0   292007782.237
R M S   E Q U I L I B R I U M    E R R O R: 1.814e-22

________________________________________________________________________________
Frame3DD version: 20100105               http://frame3dd.sf.net/
GPL Copyright (C) 1992-2010, Henri P. Gavin 
Frame3DD is distributed in the hope that it will be useful but with no warranty.
For details see the GNU Public Licence: http://www.fsf.org/copyleft/gpl.html
________________________________________________________________________________

Patch Test for Frame3DD  -   October 2012 
Tue Oct 23 21:58:00 2012
________________________________________________________________________________
In 2D problems the Y-axis is vertical.  In 3D problems the Z-axis is vertical.
________________________________________________________________________________
   16 NODES              7 FIXED NODES       15 FRAME ELEMENTS   1 LOAD CASES   
________________________________________________________________________________
N O D E   D A T A                                           R E S T R A I N T S
  Node       X              Y              Z         radius  Fx Fy Fz Mx My Mz
    1       0.000000       0.000000       0.000000    0.000   1  1  1  1  1  1
    2       0.000000    1600.000000       0.000000    0.000   0  0  0  0  0  0
    3       0.000000    3200.000000       0.000000    0.000   0  0  1  0  0  0
    4       0.000000    4800.000000       0.000000    0.000   0  0  0  0  0  0
    5       0.000000    6400.000000       0.000000    0.000   0  0  0  0  0  0
    6       0.000000    8000.000000       0.000000    0.000   0  0  1  0  0  0
    7    2400.000000    8000.000000       0.000000    0.000   0  0  0  0  0  0
    8    4800.000000    8000.000000       0.000000    0.000   0  0  0  0  0  0
    9    7200.000000    8000.000000       0.000000    0.000   0  0  1  0  0  0
   10    9600.000000    8000.000000       0.000000    0.000   0  0  0  0  0  0
   11   12000.000000    8000.000000       0.000000    0.000   0  0  1  0  0  0
   12   12000.000000    6400.000000       0.000000    0.000   0  0  0  0  0  0
   13   12000.000000    4800.000000       0.000000    0.000   0  0  1  0  0  0
   14   12000.000000    3200.000000       0.000000    0.000   0  0  0  0  0  0
   15   12000.000000    1600.000000       0.000000    0.000   0  0  0  0  0  0
   16   12000.000000       0.000000       0.000000    0.000   1  1  1  1  1  1
F R A M E   E L E M E N T   D A T A					(local)
  Elmnt  J1    J2     Ax   Asy   Asz    Jxx     Iyy     Izz       E       G roll  density
    1     1     2 2434.7 2434.7 2434.7 14638840.0 7319420.0 7319420.0 200000.0 79300.0   0 2.62e-09
    2     2     3 2434.7 2434.7 2434.7 14638840.0 7319420.0 7319420.0 200000.0 79300.0   0 2.62e-09
    3     3     4 2434.7 2434.7 2434.7 14638840.0 7319420.0 7319420.0 200000.0 79300.0   0 2.62e-09
    4     4     5 2434.7 2434.7 2434.7 14638840.0 7319420.0 7319420.0 200000.0 79300.0   0 2.62e-09
    5     5     6 2434.7 2434.7 2434.7 14638840.0 7319420.0 7319420.0 200000.0 79300.0   0 2.62e-09
    6     6     7 2434.7 2434.7 2434.7 14638840.0 7319420.0 7319420.0 200000.0 79300.0   0 2.62e-09
    7     7     8 2434.7 2434.7 2434.7 14638840.0 7319420.0 7319420.0 200000.0 79300.0   0 2.62e-09
    8     8     9 2434.7 2434.7 2434.7 14638840.0 7319420.0 7319420.0 200000.0 79300.0   0 2.62e-09
    9     9    10 2434.7 2434.7 2434.7 14638840.0 7319420.0 7319420.0 200000.0 79300.0   0 2.62e-09
   10    10    11 2434.7 2434.7 2434.7 14638840.0 7319420.0 7319420.0 200000.0 79300.0   0 2.62e-09
   11    11    12 2434.7 2434.7 2434.7 14638840.0 7319420.0 7319420.0 200000.0 79300.0   0 2.62e-09
   12    12    13 2434.7 2434.7 2434.7 14638840.0 7319420.0 7319420.0 200000.0 79300.0   0 2.62e-09
   13    13    14 2434.7 2434.7 2434.7 14638840.0 7319420.0 7319420.0 200000.0 79300.0   0 2.62e-09
   14    14    15 2434.7 2434.7 2434.7 14638840.0 7319420.0 7319420.0 200000.0 79300.0   0 2.62e-09
   15    15    16 2434.7 2434.7 2434.7 14638840.0 7319420.0 7319420.0 200000.0 79300.0   0 2.62e-09
  Neglect shear deformations.
  Include geometric stiffness.

L O A D   C A S E   1   O F   1  ... 

   Gravity X =  0.0    Gravity Y =  0.0    Gravity Z =  0.0 
   2 concentrated loads
   0 uniformly distributed loads
   0 trapezoidally distributed loads
   0 concentrated point loads
   0 temperature loads
   0 prescribed displacements
 N O D A L   L O A D S  +  E Q U I V A L E N T   N O D A L   L O A D S  (global)
  Node        Fx          Fy          Fz          Mxx         Myy         Mzz
     6    1511.200 -150002.000       0.000       0.000       0.000       0.000
    11    1511.200 -150002.000       0.000       0.000       0.000       0.000

E L A S T I C   S T I F F N E S S   A N A L Y S I S   via  L D L'  decomposition

  * The Stiffness Matrix is not positive-definite *
    Check that all six rigid-body translations are restrained
    If geometric stiffness is included, reduce the loads.

L O A D   C A S E   1   O F   1  ... 

N O D E   D I S P L A C E M E N T S  					(global)
  Node    X-dsp       Y-dsp       Z-dsp       X-rot       Y-rot       Z-rot
     2  933.479948   -0.026284    0.0         0.0         0.0        -1.090305
     3 3246.318866   -0.052570    0.0         0.0         0.0        -1.725383
     4 6214.617476   -0.078862    0.0         0.0         0.0        -1.910195
     5 9120.438480   -0.105162    0.0         0.0         0.0        -1.647751
     6 11250.290180   -0.131472    0.0         0.0         0.0        -0.940576
     7 11251.550687 -957.797307    0.0         0.0         0.0         0.008767
     8 11252.794533 -431.075833    0.0         0.0         0.0         0.358415
     9 11254.021715  486.702627    0.0         0.0         0.0         0.354907
    10 11255.232232  995.175513    0.0         0.0         0.0        -0.003454
    11 11256.426083   -4.796349    0.0         0.0         0.0        -0.963625
    12 9034.318667   -3.837068    0.0         0.0         0.0        -1.754892
    13 5912.168760   -2.877795    0.0         0.0         0.0        -2.045390
    14 2828.322199   -1.918527    0.0         0.0         0.0        -1.709320
    15  699.334153   -0.959262    0.0         0.0         0.0        -0.899356
F R A M E   E L E M E N T   E N D   F O R C E S				(local)
  Elmnt  Node       Nx          Vy         Vz        Txx        Myy        Mzz
     1      1   7999.232c 257896.396      0.0        0.0        0.0   1206437670.387
     1      2  -7999.232c -257896.396      0.0        0.0        0.0   -786336314.616
     2      2   8000.044c 246936.453      0.0        0.0        0.0   787173715.183
     2      3  -8000.044c -246936.453      0.0        0.0        0.0   -373572577.821
     3      3   8001.668c 241715.230      0.0        0.0        0.0   374140422.444
     3      4  -8001.668c -241715.230      0.0        0.0        0.0   36355284.940
     4      4   8004.104c 240427.011      0.0        0.0        0.0   -35866143.237
     4      5  -8004.104c -240427.011      0.0        0.0        0.0   443807854.192
     5      5   8007.352c 243129.895      0.0        0.0        0.0   -443228020.477
     5      6  -8007.352c -243129.895      0.0        0.0        0.0   849290323.500
     6      6 -255750.060t -105328.411      0.0        0.0        0.0   -876467970.685
     6      7 255750.060t 105328.411      0.0        0.0        0.0   378756688.384
     7      7 -252369.503t -166612.333      0.0        0.0        0.0   -364386708.300
     7      8 252369.503t 166612.333      0.0        0.0        0.0   97445545.589
     8      8 -248988.586t -175018.682      0.0        0.0        0.0   -93450386.710
     8      9 248988.586t 175018.682      0.0        0.0        0.0   -98078089.301
     9      9 -245607.309t -164019.180      0.0        0.0        0.0   101805475.070
     9     10 245607.309t 164019.180      0.0        0.0        0.0   -370566848.726
    10     10 -242225.673t -106297.125      0.0        0.0        0.0   383507744.503
    10     11 242225.673t 106297.125      0.0        0.0        0.0   -880839701.757
    11     11 291949.229c -204361.838      0.0        0.0        0.0   854032823.719
    11     12 -291949.229c 204361.838      0.0        0.0        0.0   -532269218.293
    12     12 291947.005c -221331.175      0.0        0.0        0.0   533162764.978
    12     13 -291947.005c 221331.175      0.0        0.0        0.0   24209668.606
    13     13 291945.337c -222185.023      0.0        0.0        0.0   -21989066.525
    13     14 -291945.337c 222185.023      0.0        0.0        0.0   566807653.355
    14     14 291944.225c -209669.480      0.0        0.0        0.0   -566492654.339
    14     15 -291944.225c 209669.480      0.0        0.0        0.0   852567251.630
    15     15 291943.669c -213287.632      0.0        0.0        0.0   -856384018.006
    15     16 -291943.669c 213287.632      0.0        0.0        0.0   719289985.641
R E A C T I O N S							(global)
  Node        Fx          Fy          Fz         Mxx         Myy         Mzz
     1 -257896.396    7999.232       0.0         0.0         0.0   1206437670.387
     3       0.0         0.0         0.0         0.0         0.0         0.0  
     6       0.0         0.0         0.0         0.0         0.0         0.0  
     9       0.0         0.0         0.0         0.0         0.0         0.0  
    11       0.0         0.0         0.0         0.0         0.0         0.0  
    13       0.0         0.0         0.0         0.0         0.0         0.0  
    16  213287.632  291943.669       0.0         0.0         0.0   719289985.641
R M S   E Q U I L I B R I U M    E R R O R: 2.693e-11

________________________________________________________________________________
Frame3DD version: 20100105               http://frame3dd.sf.net/
GPL Copyright (C) 1992-2010, Henri P. Gavin 
Frame3DD is distributed in the hope that it will be useful but with no warranty.
For details see the GNU Public Licence: http://www.fsf.org/copyleft/gpl.html
________________________________________________________________________________

Patch Test for Frame3DD  -   October 2012 
Tue Oct 23 22:00:00 2012
________________________________________________________________________________
In 2D problems the Y-axis is vertical.  In 3D problems the Z-axis is vertical.
________________________________________________________________________________
   16 NODES              7 FIXED NODES       15 FRAME ELEMENTS   1 LOAD CASES   
________________________________________________________________________________
N O D E   D A T A                                           R E S T R A I N T S
  Node       X              Y              Z         radius  Fx Fy Fz Mx My Mz
    1       0.000000       0.000000       0.000000    0.000   1  1  1  1  1  1
    2       0.000000    1600.000000       0.000000    0.000   0  0  0  0  0  0
    3       0.000000    3200.000000       0.000000    0.000   0  0  1  0  0  0
    4       0.000000    4800.000000       0.000000    0.000   0  0  0  0  0  0
    5       0.000000    6400.000000       0.000000    0.000   0  0  0  0  0  0
    6       0.000000    8000.000000       0.000000    0.000   0  0  1  0  0  0
    7    2400.000000    8000.000000       0.000000    0.000   0  0  0  0  0  0
    8    4800.000000    8000.000000       0.000000    0.000   0  0  0  0  0  0
    9    7200.000000    8000.000000       0.000000    0.000   0  0  1  0  0  0
   10    9600.000000    8000.000000       0.000000    0.000   0  0  0  0  0  0
   11   12000.000000    8000.000000       0.000000    0.000   0  0  1  0  0  0
   12   12000.000000    6400.000000       0.000000    0.000   0  0  0  0  0  0
   13   12000.000000    4800.000000       0.000000    0.000   0  0  1  0  0  0
   14   12000.000000    3200.000000       0.000000    0.000   0  0  0  0  0  0
   15   12000.000000    1600.000000       0.000000    0.000   0  0  0  0  0  0
   16   12000.000000       0.000000       0.000000    0.000   1  1  1  1  1  1
F R A M E   E L E M E N T   D A T A					(local)
  Elmnt  J1    J2     Ax   Asy   Asz    Jxx     Iyy     Izz       E       G roll  density
    1     1     2 2434.7 2434.7 2434.7 14638840.0 7319420.0 7319420.0 200000.0 79300.0   0 2.62e-09
    2     2     3 2434.7 2434.7 2434.7 14638840.0 7319420.0 7319420.0 200000.0 79300.0   0 2.62e-09
    3     3     4 2434.7 2434.7 2434.7 14638840.0 7319420.0 7319420.0 200000.0 79300.0   0 2.62e-09
    4     4     5 2434.7 2434.7 2434.7 14638840.0 7319420.0 7319420.0 200000.0 79300.0   0 2.62e-09
    5     5     6 2434.7 2434.7 2434.7 14638840.0 7319420.0 7319420.0 200000.0 79300.0   0 2.62e-09
    6     6     7 2434.7 2434.7 2434.7 14638840.0 7319420.0 7319420.0 200000.0 79300.0   0 2.62e-09
    7     7     8 2434.7 2434.7 2434.7 14638840.0 7319420.0 7319420.0 200000.0 79300.0   0 2.62e-09
    8     8     9 2434.7 2434.7 2434.7 14638840.0 7319420.0 7319420.0 200000.0 79300.0   0 2.62e-09
    9     9    10 2434.7 2434.7 2434.7 14638840.0 7319420.0 7319420.0 200000.0 79300.0   0 2.62e-09
   10    10    11 2434.7 2434.7 2434.7 14638840.0 7319420.0 7319420.0 200000.0 79300.0   0 2.62e-09
   11    11    12 2434.7 2434.7 2434.7 14638840.0 7319420.0 7319420.0 200000.0 79300.0   0 2.62e-09
   12    12    13 2434.7 2434.7 2434.7 14638840.0 7319420.0 7319420.0 200000.0 79300.0   0 2.62e-09
   13    13    14 2434.7 2434.7 2434.7 14638840.0 7319420.0 7319420.0 200000.0 79300.0   0 2.62e-09
   14    14    15 2434.7 2434.7 2434.7 14638840.0 7319420.0 7319420.0 200000.0 79300.0   0 2.62e-09
   15    15    16 2434.7 2434.7 2434.7 14638840.0 7319420.0 7319420.0 200000.0 79300.0   0 2.62e-09
  Neglect shear deformations.
  Include geometric stiffness.

L O A D   C A S E   1   O F   1  ... 

   Gravity X =  0.0    Gravity Y =  0.0    Gravity Z =  0.0 
   2 concentrated loads
   0 uniformly distributed loads
   0 trapezoidally distributed loads
   0 concentrated point loads
   0 temperature loads
   0 prescribed displacements
 N O D A L   L O A D S  +  E Q U I V A L E N T   N O D A L   L O A D S  (global)
  Node        Fx          Fy          Fz          Mxx         Myy         Mzz
     6    1511.200 -150002.000       0.000       0.000       0.000       0.000
    11    1511.200 -150002.000       0.000       0.000       0.000       0.000

E L A S T I C   S T I F F N E S S   A N A L Y S I S   via  L D L'  decomposition

  * The Stiffness Matrix is not positive-definite *
    Check that all six rigid-body translations are restrained
    If geometric stiffness is included, reduce the loads.

L O A D   C A S E   1   O F   1  ... 

N O D E   D I S P L A C E M E N T S  					(global)
  Node    X-dsp       Y-dsp       Z-dsp       X-rot       Y-rot       Z-rot
     2  933.479948   -0.026284    0.0         0.0         0.0        -1.090305
     3 3246.318866   -0.052570    0.0         0.0         0.0        -1.725383
     4 6214.617476   -0.078862    0.0         0.0         0.0        -1.910195
     5 9120.438480   -0.105162    0.0         0.0         0.0        -1.647751
     6 11250.290180   -0.131472    0.0         0.0         0.0        -0.940576
     7 11251.550687 -957.797307    0.0         0.0         0.0         0.008767
     8 11252.794533 -431.075833    0.0         0.0         0.0         0.358415
     9 11254.021715  486.702627    0.0         0.0         0.0         0.354907
    10 11255.232232  995.175513    0.0         0.0         0.0        -0.003454
    11 11256.426083   -4.796349    0.0         0.0         0.0        -0.963625
    12 9034.318667   -3.837068    0.0         0.0         0.0        -1.754892
    13 5912.168760   -2.877795    0.0         0.0         0.0        -2.045390
    14 2828.322199   -1.918527    0.0         0.0         0.0        -1.709320
    15  699.334153   -0.959262    0.0         0.0         0.0        -0.899356
F R A M E   E L E M E N T   E N D   F O R C E S				(local)
  Elmnt  Node       Nx          Vy         Vz        Txx        Myy        Mzz
     1      1   7999.232c 257896.396      0.0        0.0        0.0   1206437670.387
     1      2  -7999.232c -257896.396      0.0        0.0        0.0   -786336314.616
     2      2   8000.044c 246936.453      0.0        0.0        0.0   787173715.183
     2      3  -8000.044c -246936.453      0.0        0.0        0.0   -373572577.821
     3      3   8001.668c 241715.230      0.0        0.0        0.0   374140422.444
     3      4  -8001.668c -241715.230      0.0        0.0        0.0   36355284.940
     4      4   8004.104c 240427.011      0.0        0.0        0.0   -35866143.237
     4      5  -8004.104c -240427.011      0.0        0.0        0.0   443807854.192
     5      5   8007.352c 243129.895      0.0        0.0        0.0   -443228020.477
     5      6  -8007.352c -243129.895      0.0        0.0        0.0   849290323.500
     6      6 -255750.060t -105328.411      0.0        0.0        0.0   -876467970.685
     6      7 255750.060t 105328.411      0.0        0.0        0.0   378756688.384
     7      7 -252369.503t -166612.333      0.0        0.0        0.0   -364386708.300
     7      8 252369.503t 166612.333      0.0        0.0        0.0   97445545.589
     8      8 -248988.586t -175018.682      0.0        0.0        0.0   -93450386.710
     8      9 248988.586t 175018.682      0.0        0.0        0.0   -98078089.301
     9      9 -245607.309t -164019.180      0.0        0.0        0.0   101805475.070
     9     10 245607.309t 164019.180      0.0        0.0        0.0   -370566848.726
    10     10 -242225.673t -106297.125      0.0        0.0        0.0   383507744.503
    10     11 242225.673t 106297.125      0.0        0.0        0.0   -880839701.757
    11     11 291949.229c -204361.838      0.0        0.0        0.0   854032823.719
    11     12 -291949.229c 204361.838      0.0        0.0        0.0   -532269218.293
    12     12 291947.005c -221331.175      0.0        0.0        0.0   533162764.978
    12     13 -291947.005c 221331.175      0.0        0.0        0.0   24209668.606
    13     13 291945.337c -222185.023      0.0        0.0        0.0   -21989066.525
    13     14 -291945.337c 222185.023      0.0        0.0        0.0   566807653.355
    14     14 291944.225c -209669.480      0.0        0.0        0.0   -566492654.339
    14     15 -291944.225c 209669.480      0.0        0.0        0.0   852567251.630
    15     15 291943.669c -213287.632      0.0        0.0        0.0   -856384018.006
    15     16 -291943.669c 213287.632      0.0        0.0        0.0   719289985.641
R E A C T I O N S							(global)
  Node        Fx          Fy          Fz         Mxx         Myy         Mzz
     1 -257896.396    7999.232       0.0         0.0         0.0   1206437670.387
     3       0.0         0.0         0.0         0.0         0.0         0.0  
     6       0.0         0.0         0.0         0.0         0.0         0.0  
     9       0.0         0.0         0.0         0.0         0.0         0.0  
    11       0.0         0.0         0.0         0.0         0.0         0.0  
    13       0.0         0.0         0.0         0.0         0.0         0.0  
    16  213287.632  291943.669       0.0         0.0         0.0   719289985.641
R M S   E Q U I L I B R I U M    E R R O R: 2.693e-11

________________________________________________________________________________
Frame3DD version: 20100105               http://frame3dd.sf.net/
GPL Copyright (C) 1992-2010, Henri P. Gavin 
Frame3DD is distributed in the hope that it will be useful but with no warranty.
For details see the GNU Public Licence: http://www.fsf.org/copyleft/gpl.html
________________________________________________________________________________

Patch Test for Frame3DD  -   October 2012 
Tue Oct 23 22:00:18 2012
________________________________________________________________________________
In 2D problems the Y-axis is vertical.  In 3D problems the Z-axis is vertical.
________________________________________________________________________________
   16 NODES              7 FIXED NODES       15 FRAME ELEMENTS   1 LOAD CASES   
________________________________________________________________________________
N O D E   D A T A                                           R E S T R A I N T S
  Node       X              Y              Z         radius  Fx Fy Fz Mx My Mz
    1       0.000000       0.000000       0.000000    0.000   1  1  1  1  1  1
    2       0.000000    1600.000000       0.000000    0.000   0  0  0  0  0  0
    3       0.000000    3200.000000       0.000000    0.000   0  0  1  0  0  0
    4       0.000000    4800.000000       0.000000    0.000   0  0  0  0  0  0
    5       0.000000    6400.000000       0.000000    0.000   0  0  0  0  0  0
    6       0.000000    8000.000000       0.000000    0.000   0  0  1  0  0  0
    7    2400.000000    8000.000000       0.000000    0.000   0  0  0  0  0  0
    8    4800.000000    8000.000000       0.000000    0.000   0  0  0  0  0  0
    9    7200.000000    8000.000000       0.000000    0.000   0  0  1  0  0  0
   10    9600.000000    8000.000000       0.000000    0.000   0  0  0  0  0  0
   11   12000.000000    8000.000000       0.000000    0.000   0  0  1  0  0  0
   12   12000.000000    6400.000000       0.000000    0.000   0  0  0  0  0  0
   13   12000.000000    4800.000000       0.000000    0.000   0  0  1  0  0  0
   14   12000.000000    3200.000000       0.000000    0.000   0  0  0  0  0  0
   15   12000.000000    1600.000000       0.000000    0.000   0  0  0  0  0  0
   16   12000.000000       0.000000       0.000000    0.000   1  1  1  1  1  1
F R A M E   E L E M E N T   D A T A					(local)
  Elmnt  J1    J2     Ax   Asy   Asz    Jxx     Iyy     Izz       E       G roll  density
    1     1     2 2434.7 2434.7 2434.7 14638840.0 7319420.0 7319420.0 200000.0 79300.0   0 2.62e-09
    2     2     3 2434.7 2434.7 2434.7 14638840.0 7319420.0 7319420.0 200000.0 79300.0   0 2.62e-09
    3     3     4 2434.7 2434.7 2434.7 14638840.0 7319420.0 7319420.0 200000.0 79300.0   0 2.62e-09
    4     4     5 2434.7 2434.7 2434.7 14638840.0 7319420.0 7319420.0 200000.0 79300.0   0 2.62e-09
    5     5     6 2434.7 2434.7 2434.7 14638840.0 7319420.0 7319420.0 200000.0 79300.0   0 2.62e-09
    6     6     7 2434.7 2434.7 2434.7 14638840.0 7319420.0 7319420.0 200000.0 79300.0   0 2.62e-09
    7     7     8 2434.7 2434.7 2434.7 14638840.0 7319420.0 7319420.0 200000.0 79300.0   0 2.62e-09
    8     8     9 2434.7 2434.7 2434.7 14638840.0 7319420.0 7319420.0 200000.0 79300.0   0 2.62e-09
    9     9    10 2434.7 2434.7 2434.7 14638840.0 7319420.0 7319420.0 200000.0 79300.0   0 2.62e-09
   10    10    11 2434.7 2434.7 2434.7 14638840.0 7319420.0 7319420.0 200000.0 79300.0   0 2.62e-09
   11    11    12 2434.7 2434.7 2434.7 14638840.0 7319420.0 7319420.0 200000.0 79300.0   0 2.62e-09
   12    12    13 2434.7 2434.7 2434.7 14638840.0 7319420.0 7319420.0 200000.0 79300.0   0 2.62e-09
   13    13    14 2434.7 2434.7 2434.7 14638840.0 7319420.0 7319420.0 200000.0 79300.0   0 2.62e-09
   14    14    15 2434.7 2434.7 2434.7 14638840.0 7319420.0 7319420.0 200000.0 79300.0   0 2.62e-09
   15    15    16 2434.7 2434.7 2434.7 14638840.0 7319420.0 7319420.0 200000.0 79300.0   0 2.62e-09
  Neglect shear deformations.
  Include geometric stiffness.

L O A D   C A S E   1   O F   1  ... 

   Gravity X =  0.0    Gravity Y =  0.0    Gravity Z =  0.0 
   2 concentrated loads
   0 uniformly distributed loads
   0 trapezoidally distributed loads
   0 concentrated point loads
   0 temperature loads
   0 prescribed displacements
 N O D A L   L O A D S  +  E Q U I V A L E N T   N O D A L   L O A D S  (global)
  Node        Fx          Fy          Fz          Mxx         Myy         Mzz
     6    1511.200 -150002.000       0.000       0.000       0.000       0.000
    11    1511.200 -150002.000       0.000       0.000       0.000       0.000

E L A S T I C   S T I F F N E S S   A N A L Y S I S   via  L D L'  decomposition


L O A D   C A S E   1   O F   1  ... 

N O D E   D I S P L A C E M E N T S  					(global)
  Node    X-dsp       Y-dsp       Z-dsp       X-rot       Y-rot       Z-rot
     2  284.975865   -0.344927    0.0         0.0         0.0        -0.343035
     3 1040.039956   -0.689854    0.0         0.0         0.0        -0.578593
     4 2055.950508   -1.034781    0.0         0.0         0.0        -0.664090
     5 3076.310187   -1.379708    0.0         0.0         0.0        -0.584069
     6 3843.917348   -1.724635    0.0         0.0         0.0        -0.352998
     7 3844.040017 -399.309028    0.0         0.0         0.0        -0.010502
     8 3844.162686 -195.387225    0.0         0.0         0.0         0.152342
     9 3844.285356  201.498495    0.0         0.0         0.0         0.151611
    10 3844.408025  401.857548    0.0         0.0         0.0        -0.012765
    11 3844.530694   -3.204100    0.0         0.0         0.0        -0.357016
    12 3064.440245   -2.563280    0.0         0.0         0.0        -0.597077
    13 2019.201638   -1.922460    0.0         0.0         0.0        -0.678978
    14  991.669364   -1.281640    0.0         0.0         0.0        -0.575576
    15  258.829592   -0.640820    0.0         0.0         0.0        -0.321142
F R A M E   E L E M E N T   E N D   F O R C E S				(local)
  Elmnt  Node       Nx          Vy         Vz        Txx        Myy        Mzz
     1      1 104975.679c  26400.125      0.0        0.0        0.0   345128940.882
     1      2 -104975.679c -26400.125      0.0        0.0        0.0   -272973206.172
     2      2 104975.679c  26400.125      0.0        0.0        0.0   272973206.172
     2      3 -104975.679c -26400.125      0.0        0.0        0.0   -151469640.767
     3      3 104975.679c  26400.125      0.0        0.0        0.0   151469640.767
     3      4 -104975.679c -26400.125      0.0        0.0        0.0   -2583541.036
     4      4 104975.679c  26400.125      0.0        0.0        0.0   2583541.036
     4      5 -104975.679c -26400.125      0.0        0.0        0.0   146769608.730
     5      5 104975.679c  26400.125      0.0        0.0        0.0   -146769608.730
     5      6 -104975.679c -26400.125      0.0        0.0        0.0   269589891.391
     6      6 -24888.925t -45026.321      0.0        0.0        0.0   -269589891.390
     6      7  24888.925t  45026.321      0.0        0.0        0.0   151631272.605
     7      7 -24888.925t -45026.321      0.0        0.0        0.0   -151631272.605
     7      8  24888.925t  45026.321      0.0        0.0        0.0   48643496.341
     8      8 -24888.925t -45026.321      0.0        0.0        0.0   -48643496.341
     8      9  24888.925t  45026.321      0.0        0.0        0.0   -49541615.467
     9      9 -24888.925t -45026.321      0.0        0.0        0.0   49541615.467
     9     10  24888.925t  45026.321      0.0        0.0        0.0   -152618064.732
    10     10 -24888.925t -45026.321      0.0        0.0        0.0   152618064.732
    10     11  24888.925t  45026.321      0.0        0.0        0.0   -270762784.373
    11     11 195028.321c -23377.725      0.0        0.0        0.0   270762784.373
    11     12 -195028.321c  23377.725      0.0        0.0        0.0   -156027413.560
    12     12 195028.321c -23377.725      0.0        0.0        0.0   156027413.560
    12     13 -195028.321c  23377.725      0.0        0.0        0.0   10419357.385
    13     13 195028.321c -23377.725      0.0        0.0        0.0   -10419357.385
    13     14 -195028.321c  23377.725      0.0        0.0        0.0   173412891.834
    14     14 195028.321c -23377.725      0.0        0.0        0.0   -173412891.834
    14     15 -195028.321c  23377.725      0.0        0.0        0.0   278933042.389
    15     15 195028.321c -23377.725      0.0        0.0        0.0   -278933042.389
    15     16 -195028.321c  23377.725      0.0        0.0        0.0   292007783.282
R E A C T I O N S							(global)
  Node        Fx          Fy          Fz         Mxx         Myy         Mzz
     1  -26400.125  104975.679       0.0         0.0         0.0   345128940.882
     3       0.0         0.0         0.0         0.0         0.0         0.0  
     6       0.0         0.0         0.0         0.0         0.0         0.0  
     9       0.0         0.0         0.0         0.0         0.0         0.0  
    11       0.0         0.0         0.0         0.0         0.0         0.0  
    13       0.0         0.0         0.0         0.0         0.0         0.0  
    16   23377.725  195028.321       0.0         0.0         0.0   292007783.282
R M S   E Q U I L I B R I U M    E R R O R: 1.151e-22

